<?xml version="1.0" encoding="UTF-8"?>
<testsuite name="de.techfak.gse.template.ExampleUnitTest" tests="1" skipped="0" failures="0" errors="0" timestamp="2021-10-23T12:35:48" hostname="Dominics-MBP" time="0.003">
  <properties/>
  <testcase name="addition_isCorrect" classname="de.techfak.gse.template.ExampleUnitTest" time="0.003"/>
  <system-out><![CDATA[]]></system-out>
  <system-err><![CDATA[]]></system-err>
</testsuite>
